Using pre-set license

 COMMAND LINE ARGUMENTS:
/Applications/Unity/Hub/Editor/2020.3.3f1/Unity.app/Contents/MacOS/Unity
-adb2
-batchMode
-noUpm
-name
AssetImportWorker0
-projectPath
/Users/timur/Documents/GitHub/FitnessEmpire
-logFile
Logs/AssetImportWorker0.log
-srvPort
62070
Successfully changed project path to: /Users/timur/Documents/GitHub/FitnessEmpire
/Users/timur/Documents/GitHub/FitnessEmpire
Using Asset Import Pipeline V2.
Refreshing native plugins compatible for Editor in 46.60 ms, found 3 plugins.
Preloading 0 native plugins for Editor in 0.00 ms.
Initialize engine version: 2020.3.3f1 (76626098c1c4)
[Subsystems] Discovering subsystems at path /Applications/Unity/Hub/Editor/2020.3.3f1/Unity.app/Contents/Resources/UnitySubsystems
[Subsystems] Discovering subsystems at path /Users/timur/Documents/GitHub/FitnessEmpire/Assets
GfxDevice: creating device client; threaded=0
2021-12-21 14:37:26.692 Unity[46690:1934358] Color LCD preferred device: AMD Radeon Pro 5300M (high power)
2021-12-21 14:37:26.692 Unity[46690:1934358] Metal devices available: 2
2021-12-21 14:37:26.692 Unity[46690:1934358] 0: AMD Radeon Pro 5300M (high power)
2021-12-21 14:37:26.692 Unity[46690:1934358] 1: Intel(R) UHD Graphics 630 (low power)
2021-12-21 14:37:26.693 Unity[46690:1934358] Using device AMD Radeon Pro 5300M (high power)
Initializing Metal device caps: AMD Radeon Pro 5300M
Initialize mono
Mono path[0] = '/Applications/Unity/Hub/Editor/2020.3.3f1/Unity.app/Contents/Managed'
Mono path[1] = '/Applications/Unity/Hub/Editor/2020.3.3f1/Unity.app/Contents/MonoBleedingEdge/lib/mono/unityjit'
Mono config path = '/Applications/Unity/Hub/Editor/2020.3.3f1/Unity.app/Contents/MonoBleedingEdge/etc'
Using monoOptions --debugger-agent=transport=dt_socket,embedding=1,server=y,suspend=n,address=127.0.0.1:56690
Begin MonoManager ReloadAssembly
Registering precompiled unity dll's ...
Register platform support module: /Applications/Unity/Hub/Editor/2020.3.3f1/Unity.app/Contents/PlaybackEngines/MacStandaloneSupport/UnityEditor.OSXStandalone.Extensions.dll
Registered in 0.000583 seconds.
Native extension for OSXStandalone target not found
Refreshing native plugins compatible for Editor in 36.06 ms, found 3 plugins.
Preloading 0 native plugins for Editor in 0.00 ms.
Invoked RoslynAnalysisRunner static constructor.
RoslynAnalysisRunner will not be running.
RoslynAnalysisRunner has terminated.
Mono: successfully reloaded assembly
- Completed reload, in  3.244 seconds
Platform modules already initialized, skipping
Registering precompiled user dll's ...
Registered in 0.003681 seconds.
Begin MonoManager ReloadAssembly
Native extension for OSXStandalone target not found
Refreshing native plugins compatible for Editor in 0.57 ms, found 3 plugins.
Preloading 0 native plugins for Editor in 0.00 ms.
Invoked RoslynAnalysisRunner static constructor.
RoslynAnalysisRunner will not be running.
RoslynAnalysisRunner has terminated.
Mono: successfully reloaded assembly
- Completed reload, in  1.461 seconds
Platform modules already initialized, skipping
========================================================================
Worker process is ready to serve import requests
Launching external process: /Applications/Unity/Hub/Editor/2020.3.3f1/Unity.app/Contents/Tools/UnityShaderCompiler
Launched and connected shader compiler UnityShaderCompiler after 0.01 seconds
Refreshing native plugins compatible for Editor in 0.60 ms, found 3 plugins.
Preloading 0 native plugins for Editor in 0.00 ms.
Unloading 1653 Unused Serialized files (Serialized files now loaded: 0)
System memory in use before: 157.8 MB.
System memory in use after: 157.9 MB.

Unloading 56 unused Assets to reduce memory usage. Loaded Objects now: 2132.
Total: 22.079179 ms (FindLiveObjects: 0.230314 ms CreateObjectMapping: 0.095354 ms MarkObjects: 21.644308 ms  DeleteObjects: 0.107763 ms)

========================================================================
Received Import Request.
  path: Assets/_Textures/yellow-towel.jpg
  artifactKey: Guid(6adfb6e2d447ef54991ddf21081fd086) Importer(815301076,1909f56bfc062723c751e8b465ee728b)
Start importing Assets/_Textures/yellow-towel.jpg using Guid(6adfb6e2d447ef54991ddf21081fd086) Importer(815301076,1909f56bfc062723c751e8b465ee728b)  -> (artifact id: 'cb1867d73438b1fa2b693a4171f1923a') in 0.835087 seconds
  Import took 0.837829 seconds .

========================================================================
Received Prepare
Refreshing native plugins compatible for Editor in 7.78 ms, found 3 plugins.
Preloading 0 native plugins for Editor in 0.00 ms.
Unloading 45 Unused Serialized files (Serialized files now loaded: 0)
System memory in use before: 129.1 MB.
System memory in use after: 129.2 MB.

Unloading 45 unused Assets to reduce memory usage. Loaded Objects now: 2134.
Total: 21.997250 ms (FindLiveObjects: 0.190040 ms CreateObjectMapping: 0.060866 ms MarkObjects: 21.718497 ms  DeleteObjects: 0.026485 ms)

========================================================================
Received Import Request.
  Time since last request: 9.501893 seconds.
  path: Assets/_Materials/Color 15.mat
  artifactKey: Guid(7aadf103df0bf7b46b7b8f32e4af0fcb) Importer(815301076,1909f56bfc062723c751e8b465ee728b)
Start importing Assets/_Materials/Color 15.mat using Guid(7aadf103df0bf7b46b7b8f32e4af0fcb) Importer(815301076,1909f56bfc062723c751e8b465ee728b)  -> (artifact id: '8e3a2949761ddf004217a55773b478c5') in 0.909837 seconds
  Import took 0.912756 seconds .

========================================================================
Received Import Request.
  Time since last request: 0.000183 seconds.
  path: Assets/_Materials/Lock.mat
  artifactKey: Guid(05667efa1fbcd4021b37fb11f77efc60) Importer(815301076,1909f56bfc062723c751e8b465ee728b)
Start importing Assets/_Materials/Lock.mat using Guid(05667efa1fbcd4021b37fb11f77efc60) Importer(815301076,1909f56bfc062723c751e8b465ee728b)  -> (artifact id: '05b14175df1a9fdc7ff61b90d5c775bc') in 0.014767 seconds
  Import took 0.017517 seconds .

